mode: set
github.com/hanqqv/assessment-tax/main.go:19.13,21.16 2 0
github.com/hanqqv/assessment-tax/main.go:21.16,22.13 1 0
github.com/hanqqv/assessment-tax/main.go:25.2,29.40 3 0
github.com/hanqqv/assessment-tax/main.go:29.40,31.3 1 0
github.com/hanqqv/assessment-tax/main.go:33.2,38.12 4 0
github.com/hanqqv/assessment-tax/main.go:38.12,39.76 1 0
github.com/hanqqv/assessment-tax/main.go:39.76,41.4 1 0
github.com/hanqqv/assessment-tax/main.go:44.2,50.40 7 0
github.com/hanqqv/assessment-tax/main.go:50.40,52.3 1 0
github.com/hanqqv/assessment-tax/postgres/postgres.go:15.31,18.16 3 0
github.com/hanqqv/assessment-tax/postgres/postgres.go:18.16,21.3 2 0
github.com/hanqqv/assessment-tax/postgres/postgres.go:22.2,23.16 2 0
github.com/hanqqv/assessment-tax/postgres/postgres.go:23.16,26.3 2 0
github.com/hanqqv/assessment-tax/postgres/postgres.go:27.2,27.31 1 0
github.com/hanqqv/assessment-tax/postgres/tax.go:9.73,14.48 4 1
github.com/hanqqv/assessment-tax/postgres/tax.go:14.48,15.75 1 1
github.com/hanqqv/assessment-tax/postgres/tax.go:15.75,17.4 1 1
github.com/hanqqv/assessment-tax/postgres/tax.go:18.3,18.32 1 1
github.com/hanqqv/assessment-tax/postgres/tax.go:21.2,21.27 1 1
github.com/hanqqv/assessment-tax/postgres/tax.go:21.27,25.3 3 1
github.com/hanqqv/assessment-tax/postgres/tax.go:27.2,27.27 1 1
github.com/hanqqv/assessment-tax/postgres/tax.go:27.27,31.3 3 1
github.com/hanqqv/assessment-tax/postgres/tax.go:33.2,33.28 1 1
github.com/hanqqv/assessment-tax/postgres/tax.go:33.28,37.3 3 1
github.com/hanqqv/assessment-tax/postgres/tax.go:39.2,39.28 1 1
github.com/hanqqv/assessment-tax/postgres/tax.go:39.28,43.3 3 1
github.com/hanqqv/assessment-tax/postgres/tax.go:44.2,46.37 3 1
github.com/hanqqv/assessment-tax/tax/handler.go:17.30,19.2 1 1
github.com/hanqqv/assessment-tax/tax/handler.go:25.61,26.33 1 1
github.com/hanqqv/assessment-tax/tax/handler.go:26.33,28.3 1 1
github.com/hanqqv/assessment-tax/tax/handler.go:29.2,29.32 1 1
github.com/hanqqv/assessment-tax/tax/handler.go:29.32,31.3 1 1
github.com/hanqqv/assessment-tax/tax/handler.go:32.2,32.24 1 1
github.com/hanqqv/assessment-tax/tax/handler.go:32.24,34.3 1 1
github.com/hanqqv/assessment-tax/tax/handler.go:35.2,35.41 1 1
github.com/hanqqv/assessment-tax/tax/handler.go:35.41,37.3 1 1
github.com/hanqqv/assessment-tax/tax/handler.go:38.2,38.48 1 1
github.com/hanqqv/assessment-tax/tax/handler.go:38.48,39.36 1 1
github.com/hanqqv/assessment-tax/tax/handler.go:39.36,41.4 1 1
github.com/hanqqv/assessment-tax/tax/handler.go:42.3,42.29 1 1
github.com/hanqqv/assessment-tax/tax/handler.go:42.29,44.4 1 1
github.com/hanqqv/assessment-tax/tax/handler.go:45.3,45.44 1 1
github.com/hanqqv/assessment-tax/tax/handler.go:45.44,47.4 1 1
github.com/hanqqv/assessment-tax/tax/handler.go:50.2,50.14 1 1
github.com/hanqqv/assessment-tax/tax/handler.go:53.67,62.2 3 1
github.com/hanqqv/assessment-tax/tax/handler.go:64.61,66.42 2 1
github.com/hanqqv/assessment-tax/tax/handler.go:66.42,68.3 1 1
github.com/hanqqv/assessment-tax/tax/handler.go:69.2,69.62 1 1
github.com/hanqqv/assessment-tax/tax/handler.go:69.62,71.3 1 1
github.com/hanqqv/assessment-tax/tax/handler.go:73.2,73.48 1 1
github.com/hanqqv/assessment-tax/tax/handler.go:73.48,74.55 1 1
github.com/hanqqv/assessment-tax/tax/handler.go:74.55,76.4 1 1
github.com/hanqqv/assessment-tax/tax/handler.go:79.2,80.16 2 1
github.com/hanqqv/assessment-tax/tax/handler.go:80.16,82.3 1 1
github.com/hanqqv/assessment-tax/tax/handler.go:84.2,84.19 1 1
github.com/hanqqv/assessment-tax/tax/handler.go:84.19,86.3 1 1
github.com/hanqqv/assessment-tax/tax/handler.go:88.2,88.35 1 1
github.com/hanqqv/assessment-tax/tax/handler.go:92.23,95.2 2 1
