mode: set
github.com/hanqqv/assessment-tax/main.go:19.13,21.16 2 0
github.com/hanqqv/assessment-tax/main.go:21.16,22.13 1 0
github.com/hanqqv/assessment-tax/main.go:25.2,29.40 3 0
github.com/hanqqv/assessment-tax/main.go:29.40,31.3 1 0
github.com/hanqqv/assessment-tax/main.go:33.2,36.95 3 0
github.com/hanqqv/assessment-tax/main.go:36.95,37.89 1 0
github.com/hanqqv/assessment-tax/main.go:37.89,39.4 1 0
github.com/hanqqv/assessment-tax/main.go:40.3,40.20 1 0
github.com/hanqqv/assessment-tax/main.go:43.2,50.12 6 0
github.com/hanqqv/assessment-tax/main.go:50.12,51.76 1 0
github.com/hanqqv/assessment-tax/main.go:51.76,53.4 1 0
github.com/hanqqv/assessment-tax/main.go:56.2,62.40 7 0
github.com/hanqqv/assessment-tax/main.go:62.40,64.3 1 0
github.com/hanqqv/assessment-tax/tax/csv_processor.go:16.61,18.2 1 1
github.com/hanqqv/assessment-tax/tax/csv_processor.go:24.75,26.16 2 1
github.com/hanqqv/assessment-tax/tax/csv_processor.go:26.16,28.3 1 0
github.com/hanqqv/assessment-tax/tax/csv_processor.go:29.2,34.16 4 1
github.com/hanqqv/assessment-tax/tax/csv_processor.go:34.16,36.3 1 0
github.com/hanqqv/assessment-tax/tax/csv_processor.go:38.2,39.6 2 1
github.com/hanqqv/assessment-tax/tax/csv_processor.go:39.6,41.20 2 1
github.com/hanqqv/assessment-tax/tax/csv_processor.go:41.20,42.9 1 1
github.com/hanqqv/assessment-tax/tax/csv_processor.go:44.3,44.17 1 1
github.com/hanqqv/assessment-tax/tax/csv_processor.go:44.17,46.4 1 1
github.com/hanqqv/assessment-tax/tax/csv_processor.go:48.3,49.26 2 1
github.com/hanqqv/assessment-tax/tax/csv_processor.go:49.26,51.4 1 1
github.com/hanqqv/assessment-tax/tax/csv_processor.go:53.3,53.55 1 1
github.com/hanqqv/assessment-tax/tax/csv_processor.go:56.2,56.30 1 1
github.com/hanqqv/assessment-tax/tax/csv_processor.go:59.71,61.16 2 1
github.com/hanqqv/assessment-tax/tax/csv_processor.go:61.16,63.3 1 1
github.com/hanqqv/assessment-tax/tax/csv_processor.go:65.2,65.62 1 1
github.com/hanqqv/assessment-tax/tax/csv_processor.go:65.62,67.3 1 1
github.com/hanqqv/assessment-tax/tax/csv_processor.go:69.2,70.16 2 1
github.com/hanqqv/assessment-tax/tax/csv_processor.go:70.16,72.3 1 0
github.com/hanqqv/assessment-tax/tax/csv_processor.go:74.2,74.19 1 1
github.com/hanqqv/assessment-tax/tax/csv_processor.go:74.19,76.3 1 0
github.com/hanqqv/assessment-tax/tax/csv_processor.go:78.2,82.10 1 1
github.com/hanqqv/assessment-tax/tax/csv_processor.go:85.64,86.20 1 1
github.com/hanqqv/assessment-tax/tax/csv_processor.go:86.20,88.3 1 1
github.com/hanqqv/assessment-tax/tax/csv_processor.go:90.2,92.63 2 1
github.com/hanqqv/assessment-tax/tax/csv_processor.go:92.63,94.3 1 1
github.com/hanqqv/assessment-tax/tax/csv_processor.go:96.2,97.16 2 1
github.com/hanqqv/assessment-tax/tax/csv_processor.go:97.16,99.3 1 1
github.com/hanqqv/assessment-tax/tax/csv_processor.go:101.2,102.16 2 1
github.com/hanqqv/assessment-tax/tax/csv_processor.go:102.16,104.3 1 1
github.com/hanqqv/assessment-tax/tax/csv_processor.go:106.2,107.16 2 1
github.com/hanqqv/assessment-tax/tax/csv_processor.go:107.16,109.3 1 1
github.com/hanqqv/assessment-tax/tax/csv_processor.go:111.2,115.8 1 1
github.com/hanqqv/assessment-tax/tax/handler.go:19.30,21.2 1 1
github.com/hanqqv/assessment-tax/tax/handler.go:27.61,29.42 2 1
github.com/hanqqv/assessment-tax/tax/handler.go:29.42,31.3 1 1
github.com/hanqqv/assessment-tax/tax/handler.go:32.2,32.62 1 1
github.com/hanqqv/assessment-tax/tax/handler.go:32.62,34.3 1 1
github.com/hanqqv/assessment-tax/tax/handler.go:36.2,36.48 1 1
github.com/hanqqv/assessment-tax/tax/handler.go:36.48,37.55 1 1
github.com/hanqqv/assessment-tax/tax/handler.go:37.55,39.4 1 1
github.com/hanqqv/assessment-tax/tax/handler.go:42.2,43.16 2 1
github.com/hanqqv/assessment-tax/tax/handler.go:43.16,45.3 1 1
github.com/hanqqv/assessment-tax/tax/handler.go:47.2,47.19 1 1
github.com/hanqqv/assessment-tax/tax/handler.go:47.19,49.3 1 1
github.com/hanqqv/assessment-tax/tax/handler.go:51.2,51.35 1 1
github.com/hanqqv/assessment-tax/tax/handler.go:55.23,58.2 2 1
github.com/hanqqv/assessment-tax/tax/handler.go:60.73,62.41 2 1
github.com/hanqqv/assessment-tax/tax/handler.go:62.41,64.3 1 1
github.com/hanqqv/assessment-tax/tax/handler.go:66.2,66.77 1 1
github.com/hanqqv/assessment-tax/tax/handler.go:66.77,68.3 1 1
github.com/hanqqv/assessment-tax/tax/handler.go:70.2,71.16 2 1
github.com/hanqqv/assessment-tax/tax/handler.go:71.16,73.3 1 1
github.com/hanqqv/assessment-tax/tax/handler.go:75.2,79.40 2 1
github.com/hanqqv/assessment-tax/tax/handler.go:82.67,84.41 2 1
github.com/hanqqv/assessment-tax/tax/handler.go:84.41,86.3 1 1
github.com/hanqqv/assessment-tax/tax/handler.go:88.2,88.71 1 1
github.com/hanqqv/assessment-tax/tax/handler.go:88.71,90.3 1 1
github.com/hanqqv/assessment-tax/tax/handler.go:92.2,93.16 2 1
github.com/hanqqv/assessment-tax/tax/handler.go:93.16,95.3 1 1
github.com/hanqqv/assessment-tax/tax/handler.go:96.2,100.40 2 1
github.com/hanqqv/assessment-tax/tax/handler.go:103.64,105.16 2 1
github.com/hanqqv/assessment-tax/tax/handler.go:105.16,107.3 1 1
github.com/hanqqv/assessment-tax/tax/handler.go:109.2,110.26 2 1
github.com/hanqqv/assessment-tax/tax/handler.go:110.26,112.3 1 1
github.com/hanqqv/assessment-tax/tax/handler.go:113.2,113.79 1 1
github.com/hanqqv/assessment-tax/tax/validation.go:3.61,4.33 1 1
github.com/hanqqv/assessment-tax/tax/validation.go:4.33,6.3 1 1
github.com/hanqqv/assessment-tax/tax/validation.go:7.2,7.32 1 1
github.com/hanqqv/assessment-tax/tax/validation.go:7.32,9.3 1 1
github.com/hanqqv/assessment-tax/tax/validation.go:10.2,10.24 1 1
github.com/hanqqv/assessment-tax/tax/validation.go:10.24,12.3 1 1
github.com/hanqqv/assessment-tax/tax/validation.go:13.2,13.41 1 1
github.com/hanqqv/assessment-tax/tax/validation.go:13.41,15.3 1 1
github.com/hanqqv/assessment-tax/tax/validation.go:16.2,16.48 1 1
github.com/hanqqv/assessment-tax/tax/validation.go:16.48,17.36 1 1
github.com/hanqqv/assessment-tax/tax/validation.go:17.36,19.4 1 1
github.com/hanqqv/assessment-tax/tax/validation.go:20.3,20.71 1 1
github.com/hanqqv/assessment-tax/tax/validation.go:20.71,22.4 1 1
github.com/hanqqv/assessment-tax/tax/validation.go:23.3,23.29 1 1
github.com/hanqqv/assessment-tax/tax/validation.go:23.29,25.4 1 1
github.com/hanqqv/assessment-tax/tax/validation.go:26.3,26.44 1 1
github.com/hanqqv/assessment-tax/tax/validation.go:26.44,28.4 1 1
github.com/hanqqv/assessment-tax/tax/validation.go:31.2,31.14 1 1
github.com/hanqqv/assessment-tax/tax/validation.go:34.67,43.2 3 1
github.com/hanqqv/assessment-tax/tax/validation.go:45.75,46.27 1 1
github.com/hanqqv/assessment-tax/tax/validation.go:46.27,48.3 1 1
github.com/hanqqv/assessment-tax/tax/validation.go:49.2,49.30 1 1
github.com/hanqqv/assessment-tax/tax/validation.go:49.30,51.3 1 1
github.com/hanqqv/assessment-tax/tax/validation.go:52.2,52.31 1 1
github.com/hanqqv/assessment-tax/tax/validation.go:52.31,54.3 1 1
github.com/hanqqv/assessment-tax/tax/validation.go:56.2,56.14 1 1
github.com/hanqqv/assessment-tax/tax/validation.go:59.69,60.27 1 1
github.com/hanqqv/assessment-tax/tax/validation.go:60.27,62.3 1 1
github.com/hanqqv/assessment-tax/tax/validation.go:63.2,63.26 1 1
github.com/hanqqv/assessment-tax/tax/validation.go:63.26,65.3 1 1
github.com/hanqqv/assessment-tax/tax/validation.go:66.2,66.31 1 1
github.com/hanqqv/assessment-tax/tax/validation.go:66.31,68.3 1 1
github.com/hanqqv/assessment-tax/tax/validation.go:70.2,70.14 1 1
github.com/hanqqv/assessment-tax/postgres/calculation.go:9.104,20.48 4 1
github.com/hanqqv/assessment-tax/postgres/calculation.go:20.48,21.75 1 1
github.com/hanqqv/assessment-tax/postgres/calculation.go:21.75,23.4 1 1
github.com/hanqqv/assessment-tax/postgres/calculation.go:24.3,24.79 1 1
github.com/hanqqv/assessment-tax/postgres/calculation.go:24.79,26.4 1 1
github.com/hanqqv/assessment-tax/postgres/calculation.go:27.3,27.32 1 1
github.com/hanqqv/assessment-tax/postgres/calculation.go:30.2,30.26 1 1
github.com/hanqqv/assessment-tax/postgres/calculation.go:30.26,34.3 3 1
github.com/hanqqv/assessment-tax/postgres/calculation.go:34.8,39.3 3 1
github.com/hanqqv/assessment-tax/postgres/calculation.go:41.2,41.26 1 1
github.com/hanqqv/assessment-tax/postgres/calculation.go:41.26,45.3 3 1
github.com/hanqqv/assessment-tax/postgres/calculation.go:45.8,49.3 3 1
github.com/hanqqv/assessment-tax/postgres/calculation.go:51.2,51.26 1 1
github.com/hanqqv/assessment-tax/postgres/calculation.go:51.26,55.3 3 1
github.com/hanqqv/assessment-tax/postgres/calculation.go:55.8,59.3 3 1
github.com/hanqqv/assessment-tax/postgres/calculation.go:61.2,61.27 1 1
github.com/hanqqv/assessment-tax/postgres/calculation.go:61.27,65.3 3 1
github.com/hanqqv/assessment-tax/postgres/calculation.go:65.8,70.3 3 1
github.com/hanqqv/assessment-tax/postgres/calculation.go:72.2,72.21 1 1
github.com/hanqqv/assessment-tax/postgres/calculation.go:72.21,76.3 3 1
github.com/hanqqv/assessment-tax/postgres/calculation.go:78.2,78.34 1 1
github.com/hanqqv/assessment-tax/postgres/calculation.go:78.34,80.3 1 1
github.com/hanqqv/assessment-tax/postgres/calculation.go:82.2,85.97 3 1
github.com/hanqqv/assessment-tax/postgres/postgres.go:15.31,18.16 3 0
github.com/hanqqv/assessment-tax/postgres/postgres.go:18.16,21.3 2 0
github.com/hanqqv/assessment-tax/postgres/postgres.go:22.2,23.16 2 0
github.com/hanqqv/assessment-tax/postgres/postgres.go:23.16,26.3 2 0
github.com/hanqqv/assessment-tax/postgres/postgres.go:27.2,27.31 1 0
github.com/hanqqv/assessment-tax/postgres/tax.go:7.73,9.16 2 1
github.com/hanqqv/assessment-tax/postgres/tax.go:9.16,11.3 1 1
github.com/hanqqv/assessment-tax/postgres/tax.go:13.2,14.16 2 1
github.com/hanqqv/assessment-tax/postgres/tax.go:14.16,16.3 1 0
github.com/hanqqv/assessment-tax/postgres/tax.go:18.2,18.60 1 1
github.com/hanqqv/assessment-tax/postgres/tax.go:21.83,25.16 4 1
github.com/hanqqv/assessment-tax/postgres/tax.go:25.16,27.3 1 1
github.com/hanqqv/assessment-tax/postgres/tax.go:28.2,28.31 1 1
github.com/hanqqv/assessment-tax/postgres/tax.go:31.60,35.16 4 1
github.com/hanqqv/assessment-tax/postgres/tax.go:35.16,37.3 1 1
github.com/hanqqv/assessment-tax/postgres/tax.go:38.2,38.31 1 1
github.com/hanqqv/assessment-tax/postgres/tax.go:41.77,45.16 4 1
github.com/hanqqv/assessment-tax/postgres/tax.go:45.16,47.3 1 1
github.com/hanqqv/assessment-tax/postgres/tax.go:48.2,48.25 1 1
github.com/hanqqv/assessment-tax/postgres/tax.go:51.54,55.16 4 1
github.com/hanqqv/assessment-tax/postgres/tax.go:55.16,57.3 1 1
github.com/hanqqv/assessment-tax/postgres/tax.go:58.2,58.25 1 1
